<?xml version="1.0" encoding="UTF-8"?>
<testsuite xmlns:xsi="http://www.w3.org/2001/XMLSchema-instance" xsi:noNamespaceSchemaLocation="https://maven.apache.org/surefire/maven-surefire-plugin/xsd/surefire-test-report.xsd" name="TestSuite" time="8.975" tests="4" errors="0" skipped="1" failures="1">
  <properties>
    <property name="gopherProxySet" value="false"/>
    <property name="awt.toolkit" value="sun.lwawt.macosx.LWCToolkit"/>
    <property name="file.encoding.pkg" value="sun.io"/>
    <property name="java.specification.version" value="1.8"/>
    <property name="sun.cpu.isalist" value=""/>
    <property name="sun.jnu.encoding" value="UTF-8"/>
    <property name="java.class.path" value="/Users/hienhoang/workspace/nvg-test/target/test-classes:/Users/hienhoang/workspace/nvg-test/target/classes:/Users/hienhoang/.m2/repository/org/seleniumhq/selenium/selenium-java/3.141.59/selenium-java-3.141.59.jar:/Users/hienhoang/.m2/repository/org/seleniumhq/selenium/selenium-api/3.141.59/selenium-api-3.141.59.jar:/Users/hienhoang/.m2/repository/org/seleniumhq/selenium/selenium-chrome-driver/3.141.59/selenium-chrome-driver-3.141.59.jar:/Users/hienhoang/.m2/repository/org/seleniumhq/selenium/selenium-edge-driver/3.141.59/selenium-edge-driver-3.141.59.jar:/Users/hienhoang/.m2/repository/org/seleniumhq/selenium/selenium-firefox-driver/3.141.59/selenium-firefox-driver-3.141.59.jar:/Users/hienhoang/.m2/repository/org/seleniumhq/selenium/selenium-ie-driver/3.141.59/selenium-ie-driver-3.141.59.jar:/Users/hienhoang/.m2/repository/org/seleniumhq/selenium/selenium-opera-driver/3.141.59/selenium-opera-driver-3.141.59.jar:/Users/hienhoang/.m2/repository/org/seleniumhq/selenium/selenium-remote-driver/3.141.59/selenium-remote-driver-3.141.59.jar:/Users/hienhoang/.m2/repository/org/seleniumhq/selenium/selenium-safari-driver/3.141.59/selenium-safari-driver-3.141.59.jar:/Users/hienhoang/.m2/repository/org/seleniumhq/selenium/selenium-support/3.141.59/selenium-support-3.141.59.jar:/Users/hienhoang/.m2/repository/net/bytebuddy/byte-buddy/1.8.15/byte-buddy-1.8.15.jar:/Users/hienhoang/.m2/repository/org/apache/commons/commons-exec/1.3/commons-exec-1.3.jar:/Users/hienhoang/.m2/repository/com/google/guava/guava/25.0-jre/guava-25.0-jre.jar:/Users/hienhoang/.m2/repository/com/google/code/findbugs/jsr305/1.3.9/jsr305-1.3.9.jar:/Users/hienhoang/.m2/repository/org/checkerframework/checker-compat-qual/2.0.0/checker-compat-qual-2.0.0.jar:/Users/hienhoang/.m2/repository/com/google/errorprone/error_prone_annotations/2.1.3/error_prone_annotations-2.1.3.jar:/Users/hienhoang/.m2/repository/com/google/j2objc/j2objc-annotations/1.1/j2objc-annotations-1.1.jar:/Users/hienhoang/.m2/repository/org/codehaus/mojo/animal-sniffer-annotations/1.14/animal-sniffer-annotations-1.14.jar:/Users/hienhoang/.m2/repository/com/squareup/okhttp3/okhttp/3.11.0/okhttp-3.11.0.jar:/Users/hienhoang/.m2/repository/com/squareup/okio/okio/1.14.0/okio-1.14.0.jar:/Users/hienhoang/.m2/repository/org/testng/testng/7.3.0/testng-7.3.0.jar:/Users/hienhoang/.m2/repository/com/beust/jcommander/1.78/jcommander-1.78.jar:/Users/hienhoang/.m2/repository/org/apache/ant/ant/1.10.3/ant-1.10.3.jar:/Users/hienhoang/.m2/repository/org/apache/ant/ant-launcher/1.10.3/ant-launcher-1.10.3.jar:/Users/hienhoang/.m2/repository/junit/junit/4.12/junit-4.12.jar:/Users/hienhoang/.m2/repository/org/hamcrest/hamcrest-core/1.3/hamcrest-core-1.3.jar:/Users/hienhoang/.m2/repository/com/google/inject/guice/4.2.2/guice-4.2.2-no_aop.jar:/Users/hienhoang/.m2/repository/javax/inject/javax.inject/1/javax.inject-1.jar:/Users/hienhoang/.m2/repository/aopalliance/aopalliance/1.0/aopalliance-1.0.jar:/Users/hienhoang/.m2/repository/org/yaml/snakeyaml/1.21/snakeyaml-1.21.jar:/Users/hienhoang/.m2/repository/com/fasterxml/jackson/core/jackson-annotations/2.11.2/jackson-annotations-2.11.2.jar:/Users/hienhoang/.m2/repository/com/fasterxml/jackson/core/jackson-core/2.11.2/jackson-core-2.11.2.jar:/Users/hienhoang/.m2/repository/com/fasterxml/jackson/core/jackson-databind/2.11.2/jackson-databind-2.11.2.jar:/Users/hienhoang/.m2/repository/io/github/bonigarcia/webdrivermanager/3.8.1/webdrivermanager-3.8.1.jar:/Users/hienhoang/.m2/repository/org/slf4j/slf4j-api/1.7.25/slf4j-api-1.7.25.jar:/Users/hienhoang/.m2/repository/commons-io/commons-io/2.6/commons-io-2.6.jar:/Users/hienhoang/.m2/repository/com/google/code/gson/gson/2.8.5/gson-2.8.5.jar:/Users/hienhoang/.m2/repository/org/apache/commons/commons-lang3/3.8.1/commons-lang3-3.8.1.jar:/Users/hienhoang/.m2/repository/org/apache/httpcomponents/httpclient/4.5.6/httpclient-4.5.6.jar:/Users/hienhoang/.m2/repository/org/apache/httpcomponents/httpcore/4.4.10/httpcore-4.4.10.jar:/Users/hienhoang/.m2/repository/commons-logging/commons-logging/1.2/commons-logging-1.2.jar:/Users/hienhoang/.m2/repository/commons-codec/commons-codec/1.10/commons-codec-1.10.jar:/Users/hienhoang/.m2/repository/org/rauschig/jarchivelib/1.0.0/jarchivelib-1.0.0.jar:/Users/hienhoang/.m2/repository/org/apache/commons/commons-compress/1.18/commons-compress-1.18.jar:/Users/hienhoang/.m2/repository/org/jsoup/jsoup/1.11.3/jsoup-1.11.3.jar:/Users/hienhoang/.m2/repository/org/projectlombok/lombok/1.18.12/lombok-1.18.12.jar:/Users/hienhoang/.m2/repository/org/awaitility/awaitility/4.0.3/awaitility-4.0.3.jar:/Users/hienhoang/.m2/repository/org/hamcrest/hamcrest/2.1/hamcrest-2.1.jar:/Users/hienhoang/.m2/repository/org/awaitility/awaitility-proxy/3.1.4/awaitility-proxy-3.1.4.jar:"/>
    <property name="java.vm.vendor" value="Oracle Corporation"/>
    <property name="sun.arch.data.model" value="64"/>
    <property name="java.vendor.url" value="http://java.oracle.com/"/>
    <property name="user.timezone" value=""/>
    <property name="java.vm.specification.version" value="1.8"/>
    <property name="os.name" value="Mac OS X"/>
    <property name="user.country" value="VN"/>
    <property name="sun.java.launcher" value="SUN_STANDARD"/>
    <property name="sun.boot.library.path" value="/Library/Java/JavaVirtualMachines/jdk1.8.0_211.jdk/Contents/Home/jre/lib"/>
    <property name="sun.java.command" value="/Users/hienhoang/workspace/nvg-test/target/surefire/surefirebooter8547236524931159982.jar /Users/hienhoang/workspace/nvg-test/target/surefire 2020-09-30T21-06-55_892-jvmRun1 surefire4924428471982080640tmp surefire_08026128371412710952tmp"/>
    <property name="http.nonProxyHosts" value="local, 169.254/16|*.local, 169.254/16"/>
    <property name="surefire.test.class.path" value="/Users/hienhoang/workspace/nvg-test/target/test-classes:/Users/hienhoang/workspace/nvg-test/target/classes:/Users/hienhoang/.m2/repository/org/seleniumhq/selenium/selenium-java/3.141.59/selenium-java-3.141.59.jar:/Users/hienhoang/.m2/repository/org/seleniumhq/selenium/selenium-api/3.141.59/selenium-api-3.141.59.jar:/Users/hienhoang/.m2/repository/org/seleniumhq/selenium/selenium-chrome-driver/3.141.59/selenium-chrome-driver-3.141.59.jar:/Users/hienhoang/.m2/repository/org/seleniumhq/selenium/selenium-edge-driver/3.141.59/selenium-edge-driver-3.141.59.jar:/Users/hienhoang/.m2/repository/org/seleniumhq/selenium/selenium-firefox-driver/3.141.59/selenium-firefox-driver-3.141.59.jar:/Users/hienhoang/.m2/repository/org/seleniumhq/selenium/selenium-ie-driver/3.141.59/selenium-ie-driver-3.141.59.jar:/Users/hienhoang/.m2/repository/org/seleniumhq/selenium/selenium-opera-driver/3.141.59/selenium-opera-driver-3.141.59.jar:/Users/hienhoang/.m2/repository/org/seleniumhq/selenium/selenium-remote-driver/3.141.59/selenium-remote-driver-3.141.59.jar:/Users/hienhoang/.m2/repository/org/seleniumhq/selenium/selenium-safari-driver/3.141.59/selenium-safari-driver-3.141.59.jar:/Users/hienhoang/.m2/repository/org/seleniumhq/selenium/selenium-support/3.141.59/selenium-support-3.141.59.jar:/Users/hienhoang/.m2/repository/net/bytebuddy/byte-buddy/1.8.15/byte-buddy-1.8.15.jar:/Users/hienhoang/.m2/repository/org/apache/commons/commons-exec/1.3/commons-exec-1.3.jar:/Users/hienhoang/.m2/repository/com/google/guava/guava/25.0-jre/guava-25.0-jre.jar:/Users/hienhoang/.m2/repository/com/google/code/findbugs/jsr305/1.3.9/jsr305-1.3.9.jar:/Users/hienhoang/.m2/repository/org/checkerframework/checker-compat-qual/2.0.0/checker-compat-qual-2.0.0.jar:/Users/hienhoang/.m2/repository/com/google/errorprone/error_prone_annotations/2.1.3/error_prone_annotations-2.1.3.jar:/Users/hienhoang/.m2/repository/com/google/j2objc/j2objc-annotations/1.1/j2objc-annotations-1.1.jar:/Users/hienhoang/.m2/repository/org/codehaus/mojo/animal-sniffer-annotations/1.14/animal-sniffer-annotations-1.14.jar:/Users/hienhoang/.m2/repository/com/squareup/okhttp3/okhttp/3.11.0/okhttp-3.11.0.jar:/Users/hienhoang/.m2/repository/com/squareup/okio/okio/1.14.0/okio-1.14.0.jar:/Users/hienhoang/.m2/repository/org/testng/testng/7.3.0/testng-7.3.0.jar:/Users/hienhoang/.m2/repository/com/beust/jcommander/1.78/jcommander-1.78.jar:/Users/hienhoang/.m2/repository/org/apache/ant/ant/1.10.3/ant-1.10.3.jar:/Users/hienhoang/.m2/repository/org/apache/ant/ant-launcher/1.10.3/ant-launcher-1.10.3.jar:/Users/hienhoang/.m2/repository/junit/junit/4.12/junit-4.12.jar:/Users/hienhoang/.m2/repository/org/hamcrest/hamcrest-core/1.3/hamcrest-core-1.3.jar:/Users/hienhoang/.m2/repository/com/google/inject/guice/4.2.2/guice-4.2.2-no_aop.jar:/Users/hienhoang/.m2/repository/javax/inject/javax.inject/1/javax.inject-1.jar:/Users/hienhoang/.m2/repository/aopalliance/aopalliance/1.0/aopalliance-1.0.jar:/Users/hienhoang/.m2/repository/org/yaml/snakeyaml/1.21/snakeyaml-1.21.jar:/Users/hienhoang/.m2/repository/com/fasterxml/jackson/core/jackson-annotations/2.11.2/jackson-annotations-2.11.2.jar:/Users/hienhoang/.m2/repository/com/fasterxml/jackson/core/jackson-core/2.11.2/jackson-core-2.11.2.jar:/Users/hienhoang/.m2/repository/com/fasterxml/jackson/core/jackson-databind/2.11.2/jackson-databind-2.11.2.jar:/Users/hienhoang/.m2/repository/io/github/bonigarcia/webdrivermanager/3.8.1/webdrivermanager-3.8.1.jar:/Users/hienhoang/.m2/repository/org/slf4j/slf4j-api/1.7.25/slf4j-api-1.7.25.jar:/Users/hienhoang/.m2/repository/commons-io/commons-io/2.6/commons-io-2.6.jar:/Users/hienhoang/.m2/repository/com/google/code/gson/gson/2.8.5/gson-2.8.5.jar:/Users/hienhoang/.m2/repository/org/apache/commons/commons-lang3/3.8.1/commons-lang3-3.8.1.jar:/Users/hienhoang/.m2/repository/org/apache/httpcomponents/httpclient/4.5.6/httpclient-4.5.6.jar:/Users/hienhoang/.m2/repository/org/apache/httpcomponents/httpcore/4.4.10/httpcore-4.4.10.jar:/Users/hienhoang/.m2/repository/commons-logging/commons-logging/1.2/commons-logging-1.2.jar:/Users/hienhoang/.m2/repository/commons-codec/commons-codec/1.10/commons-codec-1.10.jar:/Users/hienhoang/.m2/repository/org/rauschig/jarchivelib/1.0.0/jarchivelib-1.0.0.jar:/Users/hienhoang/.m2/repository/org/apache/commons/commons-compress/1.18/commons-compress-1.18.jar:/Users/hienhoang/.m2/repository/org/jsoup/jsoup/1.11.3/jsoup-1.11.3.jar:/Users/hienhoang/.m2/repository/org/projectlombok/lombok/1.18.12/lombok-1.18.12.jar:/Users/hienhoang/.m2/repository/org/awaitility/awaitility/4.0.3/awaitility-4.0.3.jar:/Users/hienhoang/.m2/repository/org/hamcrest/hamcrest/2.1/hamcrest-2.1.jar:/Users/hienhoang/.m2/repository/org/awaitility/awaitility-proxy/3.1.4/awaitility-proxy-3.1.4.jar:"/>
    <property name="sun.cpu.endian" value="little"/>
    <property name="user.home" value="/Users/hienhoang"/>
    <property name="user.language" value="en"/>
    <property name="java.specification.vendor" value="Oracle Corporation"/>
    <property name="java.home" value="/Library/Java/JavaVirtualMachines/jdk1.8.0_211.jdk/Contents/Home/jre"/>
    <property name="testng.dtd.http" value="true"/>
    <property name="basedir" value="/Users/hienhoang/workspace/nvg-test"/>
    <property name="file.separator" value="/"/>
    <property name="line.separator" value="&#10;"/>
    <property name="java.vm.specification.vendor" value="Oracle Corporation"/>
    <property name="java.specification.name" value="Java Platform API Specification"/>
    <property name="java.awt.graphicsenv" value="sun.awt.CGraphicsEnvironment"/>
    <property name="surefire.real.class.path" value="/Users/hienhoang/workspace/nvg-test/target/surefire/surefirebooter8547236524931159982.jar"/>
    <property name="sun.boot.class.path" value="/Library/Java/JavaVirtualMachines/jdk1.8.0_211.jdk/Contents/Home/jre/lib/resources.jar:/Library/Java/JavaVirtualMachines/jdk1.8.0_211.jdk/Contents/Home/jre/lib/rt.jar:/Library/Java/JavaVirtualMachines/jdk1.8.0_211.jdk/Contents/Home/jre/lib/sunrsasign.jar:/Library/Java/JavaVirtualMachines/jdk1.8.0_211.jdk/Contents/Home/jre/lib/jsse.jar:/Library/Java/JavaVirtualMachines/jdk1.8.0_211.jdk/Contents/Home/jre/lib/jce.jar:/Library/Java/JavaVirtualMachines/jdk1.8.0_211.jdk/Contents/Home/jre/lib/charsets.jar:/Library/Java/JavaVirtualMachines/jdk1.8.0_211.jdk/Contents/Home/jre/lib/jfr.jar:/Library/Java/JavaVirtualMachines/jdk1.8.0_211.jdk/Contents/Home/jre/classes"/>
    <property name="sun.management.compiler" value="HotSpot 64-Bit Tiered Compilers"/>
    <property name="ftp.nonProxyHosts" value="local, 169.254/16|*.local, 169.254/16"/>
    <property name="java.runtime.version" value="1.8.0_211-b12"/>
    <property name="user.name" value="hienhoang"/>
    <property name="path.separator" value=":"/>
    <property name="os.version" value="10.15.7"/>
    <property name="java.endorsed.dirs" value="/Library/Java/JavaVirtualMachines/jdk1.8.0_211.jdk/Contents/Home/jre/lib/endorsed"/>
    <property name="java.runtime.name" value="Java(TM) SE Runtime Environment"/>
    <property name="file.encoding" value="UTF-8"/>
    <property name="java.vm.name" value="Java HotSpot(TM) 64-Bit Server VM"/>
    <property name="localRepository" value="/Users/hienhoang/.m2/repository"/>
    <property name="java.vendor.url.bug" value="http://bugreport.sun.com/bugreport/"/>
    <property name="java.io.tmpdir" value="/var/folders/nq/xkpjpfb90r91t6bf31gmc_bh0000gn/T/"/>
    <property name="java.version" value="1.8.0_211"/>
    <property name="user.dir" value="/Users/hienhoang/workspace/nvg-test"/>
    <property name="os.arch" value="x86_64"/>
    <property name="java.vm.specification.name" value="Java Virtual Machine Specification"/>
    <property name="java.awt.printerjob" value="sun.lwawt.macosx.CPrinterJob"/>
    <property name="sun.os.patch.level" value="unknown"/>
    <property name="java.library.path" value="/Users/hienhoang/Library/Java/Extensions:/Library/Java/Extensions:/Network/Library/Java/Extensions:/System/Library/Java/Extensions:/usr/lib/java:."/>
    <property name="java.vm.info" value="mixed mode"/>
    <property name="java.vendor" value="Oracle Corporation"/>
    <property name="java.vm.version" value="25.211-b12"/>
    <property name="java.ext.dirs" value="/Users/hienhoang/Library/Java/Extensions:/Library/Java/JavaVirtualMachines/jdk1.8.0_211.jdk/Contents/Home/jre/lib/ext:/Library/Java/Extensions:/Network/Library/Java/Extensions:/System/Library/Java/Extensions:/usr/lib/java"/>
    <property name="sun.io.unicode.encoding" value="UnicodeBig"/>
    <property name="java.class.version" value="52.0"/>
    <property name="socksNonProxyHosts" value="local, 169.254/16|*.local, 169.254/16"/>
  </properties>
  <testcase name="launch" classname="tests.TC003_Search_Validate_Search_Result_Pagination" time="2.913"/>
  <testcase name="searchWithoutSort" classname="tests.TC003_Search_Validate_Search_Result_Pagination" time="2.76"/>
  <testcase name="launch" classname="tests.TC004_Search_Validate_Search_Result_Sort" time="0.007">
    <failure type="java.lang.NullPointerException">java.lang.NullPointerException
	at tests.TC004_Search_Validate_Search_Result_Sort.launch(TC004_Search_Validate_Search_Result_Sort.java:14)
</failure>
  </testcase>
  <testcase name="searchWithoutSort" classname="tests.TC004_Search_Validate_Search_Result_Sort" time="0">
    <skipped message="Method TC004_Search_Validate_Search_Result_Sort.searchWithoutSort()[pri:0, instance:tests.TC004_Search_Validate_Search_Result_Sort@26be92ad] depends on not successfully finished methods"/>
  </testcase>
</testsuite>