<?xml version="1.0" encoding="UTF-8"?>
<!-- Generated by org.testng.reporters.JUnitReportReporter -->
<testsuite skipped="0" hostname="Hiens-MacBook-Pro.local" name="tests.TC003_Search_Validate_Search_Result_Pagination" tests="2" failures="0" timestamp="2020-09-30T20:58:20 ICT" time="7.695" errors="0">
  <testcase name="launch" time="4.496" classname="tests.TC003_Search_Validate_Search_Result_Pagination"/>
  <system-out/>
  <testcase name="searchWithoutSort" time="3.199" classname="tests.TC003_Search_Validate_Search_Result_Pagination"/>
  <system-out/>
</testsuite> <!-- tests.TC003_Search_Validate_Search_Result_Pagination -->
