<?xml version="1.0" encoding="UTF-8"?>
<!-- Generated by org.testng.reporters.JUnitReportReporter -->
<testsuite skipped="0" hostname="Hiens-MacBook-Pro.local" name="tests.TC003_Search_Validate_Search_Result_Pagination" tests="2" failures="0" timestamp="2020-09-30T21:07:05 ICT" time="5.671" errors="0">
  <testcase name="searchWithoutSort" time="2.760" classname="tests.TC003_Search_Validate_Search_Result_Pagination"/>
  <system-out/>
  <testcase name="launch" time="2.911" classname="tests.TC003_Search_Validate_Search_Result_Pagination"/>
  <system-out/>
</testsuite> <!-- tests.TC003_Search_Validate_Search_Result_Pagination -->
